c:\users\calvin\desktop\vince school\2nd term 4th\stdiscm\particlesimulator-cpp-distributed-particle-simulator\problem-set3\problem-set3\project1\x64\debug\vc143.pdb
c:\users\calvin\desktop\vince school\2nd term 4th\stdiscm\particlesimulator-cpp-distributed-particle-simulator\problem-set3\problem-set3\project1\x64\debug\vc143.idb
c:\users\calvin\desktop\vince school\2nd term 4th\stdiscm\particlesimulator-cpp-distributed-particle-simulator\problem-set3\problem-set3\project1\x64\debug\bouncingparticle.obj
c:\users\calvin\desktop\vince school\2nd term 4th\stdiscm\particlesimulator-cpp-distributed-particle-simulator\problem-set3\problem-set3\project1\x64\debug\imgui-sfml.obj
c:\users\calvin\desktop\vince school\2nd term 4th\stdiscm\particlesimulator-cpp-distributed-particle-simulator\problem-set3\problem-set3\project1\x64\debug\imgui_widgets.obj
c:\users\calvin\desktop\vince school\2nd term 4th\stdiscm\particlesimulator-cpp-distributed-particle-simulator\problem-set3\problem-set3\project1\x64\debug\imgui_tables.obj
c:\users\calvin\desktop\vince school\2nd term 4th\stdiscm\particlesimulator-cpp-distributed-particle-simulator\problem-set3\problem-set3\project1\x64\debug\imgui_draw.obj
c:\users\calvin\desktop\vince school\2nd term 4th\stdiscm\particlesimulator-cpp-distributed-particle-simulator\problem-set3\problem-set3\project1\x64\debug\imgui_demo.obj
c:\users\calvin\desktop\vince school\2nd term 4th\stdiscm\particlesimulator-cpp-distributed-particle-simulator\problem-set3\problem-set3\project1\x64\debug\imgui.obj
c:\users\calvin\desktop\vince school\2nd term 4th\stdiscm\particlesimulator-cpp-distributed-particle-simulator\problem-set3\problem-set3\x64\debug\server.exe
c:\users\calvin\desktop\vince school\2nd term 4th\stdiscm\particlesimulator-cpp-distributed-particle-simulator\problem-set3\problem-set3\x64\debug\server.pdb
c:\users\calvin\desktop\vince school\2nd term 4th\stdiscm\particlesimulator-cpp-distributed-particle-simulator\problem-set3\problem-set3\project1\x64\debug\server.ilk
c:\users\calvin\desktop\vince school\2nd term 4th\stdiscm\particlesimulator-cpp-distributed-particle-simulator\problem-set3\problem-set3\project1\x64\debug\server.tlog\cl.command.1.tlog
c:\users\calvin\desktop\vince school\2nd term 4th\stdiscm\particlesimulator-cpp-distributed-particle-simulator\problem-set3\problem-set3\project1\x64\debug\server.tlog\cl.items.tlog
c:\users\calvin\desktop\vince school\2nd term 4th\stdiscm\particlesimulator-cpp-distributed-particle-simulator\problem-set3\problem-set3\project1\x64\debug\server.tlog\cl.read.1.tlog
c:\users\calvin\desktop\vince school\2nd term 4th\stdiscm\particlesimulator-cpp-distributed-particle-simulator\problem-set3\problem-set3\project1\x64\debug\server.tlog\cl.write.1.tlog
c:\users\calvin\desktop\vince school\2nd term 4th\stdiscm\particlesimulator-cpp-distributed-particle-simulator\problem-set3\problem-set3\project1\x64\debug\server.tlog\link.command.1.tlog
c:\users\calvin\desktop\vince school\2nd term 4th\stdiscm\particlesimulator-cpp-distributed-particle-simulator\problem-set3\problem-set3\project1\x64\debug\server.tlog\link.read.1.tlog
c:\users\calvin\desktop\vince school\2nd term 4th\stdiscm\particlesimulator-cpp-distributed-particle-simulator\problem-set3\problem-set3\project1\x64\debug\server.tlog\link.secondary.1.tlog
c:\users\calvin\desktop\vince school\2nd term 4th\stdiscm\particlesimulator-cpp-distributed-particle-simulator\problem-set3\problem-set3\project1\x64\debug\server.tlog\link.write.1.tlog
